0 info it worked if it ends with ok
1 verbose cli [ '/usr/bin/node', '/usr/bin/npm', 'run', 'integ-test' ]
2 info using npm@3.5.2
3 info using node@v8.10.0
4 verbose run-script [ 'preinteg-test', 'integ-test', 'postinteg-test' ]
5 info lifecycle aion-web3@1.0.0~preinteg-test: aion-web3@1.0.0
6 silly lifecycle aion-web3@1.0.0~preinteg-test: no script for preinteg-test, continuing
7 info lifecycle aion-web3@1.0.0~integ-test: aion-web3@1.0.0
8 verbose lifecycle aion-web3@1.0.0~integ-test: unsafe-perm in lifecycle true
9 verbose lifecycle aion-web3@1.0.0~integ-test: PATH: /usr/share/npm/bin/node-gyp-bin:/home/k/aion_web3/node_modules/.bin:/usr/local/sbin:/usr/local/bin:/usr/sbin:/usr/bin:/sbin:/bin:/usr/games:/usr/local/games:/snap/bin
10 verbose lifecycle aion-web3@1.0.0~integ-test: CWD: /home/k/aion_web3
11 silly lifecycle aion-web3@1.0.0~integ-test: Args: [ '-c',
11 silly lifecycle   'mocha --opts mocha.opt -t 500000 integ_test/send_raw_transaction.js --exclude _integ_test_config.js' ]
12 silly lifecycle aion-web3@1.0.0~integ-test: Returned: code: 1  signal: null
13 info lifecycle aion-web3@1.0.0~integ-test: Failed to exec integ-test script
14 verbose stack Error: aion-web3@1.0.0 integ-test: `mocha --opts mocha.opt -t 500000 integ_test/send_raw_transaction.js --exclude _integ_test_config.js`
14 verbose stack Exit status 1
14 verbose stack     at EventEmitter.<anonymous> (/usr/share/npm/lib/utils/lifecycle.js:232:16)
14 verbose stack     at emitTwo (events.js:126:13)
14 verbose stack     at EventEmitter.emit (events.js:214:7)
14 verbose stack     at ChildProcess.<anonymous> (/usr/share/npm/lib/utils/spawn.js:24:14)
14 verbose stack     at emitTwo (events.js:126:13)
14 verbose stack     at ChildProcess.emit (events.js:214:7)
14 verbose stack     at maybeClose (internal/child_process.js:925:16)
14 verbose stack     at Process.ChildProcess._handle.onexit (internal/child_process.js:209:5)
15 verbose pkgid aion-web3@1.0.0
16 verbose cwd /home/k/aion_web3
17 error Linux 5.0.0-29-generic
18 error argv "/usr/bin/node" "/usr/bin/npm" "run" "integ-test"
19 error node v8.10.0
20 error npm  v3.5.2
21 error code ELIFECYCLE
22 error aion-web3@1.0.0 integ-test: `mocha --opts mocha.opt -t 500000 integ_test/send_raw_transaction.js --exclude _integ_test_config.js`
22 error Exit status 1
23 error Failed at the aion-web3@1.0.0 integ-test script 'mocha --opts mocha.opt -t 500000 integ_test/send_raw_transaction.js --exclude _integ_test_config.js'.
23 error Make sure you have the latest version of node.js and npm installed.
23 error If you do, this is most likely a problem with the aion-web3 package,
23 error not with npm itself.
23 error Tell the author that this fails on your system:
23 error     mocha --opts mocha.opt -t 500000 integ_test/send_raw_transaction.js --exclude _integ_test_config.js
23 error You can get information on how to open an issue for this project with:
23 error     npm bugs aion-web3
23 error Or if that isn't available, you can get their info via:
23 error     npm owner ls aion-web3
23 error There is likely additional logging output above.
24 verbose exit [ 1, true ]
